<?xml version='1.0' encoding='UTF-8'?>
<testsuite hostname="DESKTOP-6V7JH4P" name="Hw1Test" tests="7" errors="0" failures="0" skipped="0" time="0.027" timestamp="2021-10-14T14:32:49">
                     <properties>
[...]
</properties>
                     <testcase classname="Hw1Test" name="Hw1.gcd" time="0.018">
                                                 
                                               </testcase><testcase classname="Hw1Test" name="Hw1.oddSum" time="0.001">
                                                 
                                               </testcase><testcase classname="Hw1Test" name="Hw1.foldRight" time="0.002">
                                                 
                                               </testcase><testcase classname="Hw1Test" name="Hw1.map" time="0.0">
                                                 
                                               </testcase><testcase classname="Hw1Test" name="Hw1.iter" time="0.001">
                                                 
                                               </testcase><testcase classname="Hw1Test" name="Hw1.insert" time="0.001">
                                                 
                                               </testcase><testcase classname="Hw1Test" name="Hw1.eval" time="0.004">
                                                 
                                               </testcase>
                     <system-out><![CDATA[]]></system-out>
                     <system-err><![CDATA[]]></system-err>
                   </testsuite>